<?xml version="1.0" encoding="UTF-8"?>
<testng-results skipped="0" failed="0" ignored="0" total="0" passed="0">
  <reporter-output>
  </reporter-output>
  <suite name="Command line suite" duration-ms="14632" started-at="2017-12-12T08:57:53Z" finished-at="2017-12-12T08:58:08Z">
    <groups>
    </groups>
    <test name="Command line test" duration-ms="14632" started-at="2017-12-12T08:57:53Z" finished-at="2017-12-12T08:58:08Z">
      <class name="MavenPack.MavenProject.NewTest">
        <test-method status="PASS" signature="start()[pri:0, instance:MavenPack.MavenProject.NewTest@35f983a6]" name="start" is-config="true" duration-ms="14625" started-at="2017-12-12T14:27:53Z" finished-at="2017-12-12T14:28:08Z">
          <reporter-output>
          </reporter-output>
        </test-method> <!-- start -->
      </class> <!-- MavenPack.MavenProject.NewTest -->
    </test> <!-- Command line test -->
  </suite> <!-- Command line suite -->
</testng-results>
